build/outputs/logs/manifest-merger-debug-report.txt
-- Merging decision tree log ---
manifest
ADDED from Documents/CardboardSample/AndroidManifest.xml:2:1-31:12
	package
		ADDED from Documents/CardboardSample/AndroidManifest.xml:3:11-72
	xmlns:android
		ADDED from Documents/CardboardSample/AndroidManifest.xml:2:11-69
uses-permission#android.permission.NFC
ADDED from Documents/CardboardSample/AndroidManifest.xml:5:5-62
	android:name
		ADDED from Documents/CardboardSample/AndroidManifest.xml:5:22-59
uses-permission#android.permission.VIBRATE
ADDED from Documents/CardboardSample/AndroidManifest.xml:6:5-66
	android:name
		ADDED from Documents/CardboardSample/AndroidManifest.xml:6:22-63
uses-permission#android.permission.READ_EXTERNAL_STORAGE
ADDED from Documents/CardboardSample/AndroidManifest.xml:7:5-80
	android:name
		ADDED from Documents/CardboardSample/AndroidManifest.xml:7:22-77
uses-permission#android.permission.WRITE_EXTERNAL_STORAGE
ADDED from Documents/CardboardSample/AndroidManifest.xml:8:5-81
	android:name
		ADDED from Documents/CardboardSample/AndroidManifest.xml:8:22-78
uses-sdk
ADDED from Documents/CardboardSample/AndroidManifest.xml:10:5-73
	android:targetSdkVersion
		ADDED from Documents/CardboardSample/AndroidManifest.xml:10:42-71
	android:minSdkVersion
		ADDED from Documents/CardboardSample/AndroidManifest.xml:10:15-41
uses-feature#0x00020000
ADDED from Documents/CardboardSample/AndroidManifest.xml:11:5-78
	android:glEsVersion
		ADDED from Documents/CardboardSample/AndroidManifest.xml:11:19-51
	android:required
		ADDED from Documents/CardboardSample/AndroidManifest.xml:11:52-75
application
ADDED from Documents/CardboardSample/AndroidManifest.xml:13:5-29:19
	android:label
		ADDED from Documents/CardboardSample/AndroidManifest.xml:16:13-45
	android:allowBackup
		ADDED from Documents/CardboardSample/AndroidManifest.xml:14:13-39
	android:icon
		ADDED from Documents/CardboardSample/AndroidManifest.xml:15:13-49
activity#com.google.vrtoolkit.cardboard.samples.treasurehunt.MainActivity
ADDED from Documents/CardboardSample/AndroidManifest.xml:18:9-28:20
	android:screenOrientation
		ADDED from Documents/CardboardSample/AndroidManifest.xml:21:17-54
	android:label
		ADDED from Documents/CardboardSample/AndroidManifest.xml:20:17-49
	android:configChanges
		ADDED from Documents/CardboardSample/AndroidManifest.xml:22:17-78
	android:name
		ADDED from Documents/CardboardSample/AndroidManifest.xml:19:17-45
intent-filter#android.intent.action.MAIN+android.intent.category.LAUNCHER+com.google.intent.category.CARDBOARD
ADDED from Documents/CardboardSample/AndroidManifest.xml:23:13-27:29
action#android.intent.action.MAIN
ADDED from Documents/CardboardSample/AndroidManifest.xml:24:17-69
	android:name
		ADDED from Documents/CardboardSample/AndroidManifest.xml:24:25-66
category#android.intent.category.LAUNCHER
ADDED from Documents/CardboardSample/AndroidManifest.xml:25:17-77
	android:name
		ADDED from Documents/CardboardSample/AndroidManifest.xml:25:27-74
category#com.google.intent.category.CARDBOARD
ADDED from Documents/CardboardSample/AndroidManifest.xml:26:17-81
	android:name
		ADDED from Documents/CardboardSample/AndroidManifest.xml:26:27-78